[debug] [2024-11-20T21:03:34.840Z] ----------------------------------------------------------------------
[debug] [2024-11-20T21:03:34.841Z] Command:       C:\Program Files\nodejs\node.exe C:\Users\invit\AppData\Roaming\npm\node_modules\firebase-tools\lib\bin\firebase.js deploy
[debug] [2024-11-20T21:03:34.842Z] CLI Version:   13.25.0
[debug] [2024-11-20T21:03:34.842Z] Platform:      win32
[debug] [2024-11-20T21:03:34.842Z] Node Version:  v18.15.0
[debug] [2024-11-20T21:03:34.843Z] Time:          Wed Nov 20 2024 16:03:34 GMT-0500 (hora estándar de Colombia)
[debug] [2024-11-20T21:03:34.844Z] ----------------------------------------------------------------------
[debug] 
[debug] [2024-11-20T21:03:34.848Z] >>> [apiv2][query] GET https://firebase-public.firebaseio.com/cli.json [none]
[debug] [2024-11-20T21:03:34.979Z] > command requires scopes: ["email","openid","https://www.googleapis.com/auth/cloudplatformprojects.readonly","https://www.googleapis.com/auth/firebase","https://www.googleapis.com/auth/cloud-platform"]
[debug] [2024-11-20T21:03:34.979Z] > authorizing via signed-in user (pasantejjsoluciones@gmail.com)
[debug] [2024-11-20T21:03:34.980Z] [iam] checking project camerino-jersey for permissions ["firebase.projects.get","firebasehosting.sites.update"]
[debug] [2024-11-20T21:03:34.981Z] Checked if tokens are valid: false, expires at: 1731948380593
[debug] [2024-11-20T21:03:34.981Z] Checked if tokens are valid: false, expires at: 1731948380593
[debug] [2024-11-20T21:03:34.981Z] > refreshing access token with scopes: []
[debug] [2024-11-20T21:03:34.982Z] >>> [apiv2][query] POST https://www.googleapis.com/oauth2/v3/token [none]
[debug] [2024-11-20T21:03:34.982Z] >>> [apiv2][body] POST https://www.googleapis.com/oauth2/v3/token [omitted]
[debug] [2024-11-20T21:03:35.325Z] <<< [apiv2][status] POST https://www.googleapis.com/oauth2/v3/token 200
[debug] [2024-11-20T21:03:35.325Z] <<< [apiv2][body] POST https://www.googleapis.com/oauth2/v3/token [omitted]
[debug] [2024-11-20T21:03:35.338Z] >>> [apiv2][query] POST https://cloudresourcemanager.googleapis.com/v1/projects/camerino-jersey:testIamPermissions [none]
[debug] [2024-11-20T21:03:35.338Z] >>> [apiv2][(partial)header] POST https://cloudresourcemanager.googleapis.com/v1/projects/camerino-jersey:testIamPermissions x-goog-quota-user=projects/camerino-jersey
[debug] [2024-11-20T21:03:35.338Z] >>> [apiv2][body] POST https://cloudresourcemanager.googleapis.com/v1/projects/camerino-jersey:testIamPermissions {"permissions":["firebase.projects.get","firebasehosting.sites.update"]}
[debug] [2024-11-20T21:03:35.713Z] <<< [apiv2][status] POST https://cloudresourcemanager.googleapis.com/v1/projects/camerino-jersey:testIamPermissions 403
[debug] [2024-11-20T21:03:35.713Z] <<< [apiv2][body] POST https://cloudresourcemanager.googleapis.com/v1/projects/camerino-jersey:testIamPermissions "<!DOCTYPE html>\n<html lang=en>\n  <meta charset=utf-8>\n  <meta name=viewport content=\"initial-scale=1, minimum-scale=1, width=device-width\">\n  <title>Error 403 (Forbidden)!!1</title>\n  <style>\n    *{margin:0;padding:0}html,code{font:15px/22px arial,sans-serif}html{background:#fff;color:#222;padding:15px}body{margin:7% auto 0;max-width:390px;min-height:180px;padding:30px 0 15px}* > body{background:url(//www.google.com/images/errors/robot.png) 100% 5px no-repeat;padding-right:205px}p{margin:11px 0 22px;overflow:hidden}ins{color:#777;text-decoration:none}a img{border:0}@media screen and (max-width:772px){body{background:none;margin-top:0;max-width:none;padding-right:0}}#logo{background:url(//www.google.com/images/branding/googlelogo/1x/googlelogo_color_150x54dp.png) no-repeat;margin-left:-5px}@media only screen and (min-resolution:192dpi){#logo{background:url(//www.google.com/images/branding/googlelogo/2x/googlelogo_color_150x54dp.png) no-repeat 0% 0%/100% 100%;-moz-border-image:url(//www.google.com/images/branding/googlelogo/2x/googlelogo_color_150x54dp.png) 0}}@media only screen and (-webkit-min-device-pixel-ratio:2){#logo{background:url(//www.google.com/images/branding/googlelogo/2x/googlelogo_color_150x54dp.png) no-repeat;-webkit-background-size:100% 100%}}#logo{display:inline-block;height:54px;width:150px}\n  </style>\n  <a href=//www.google.com/><span id=logo aria-label=Google></span></a>\n  <p><b>403.</b> <ins>That’s an error.</ins>\n  <p>Your client does not have permission to get URL <code>/v1/projects/camerino-jersey:testIamPermissions</code> from this server.  <ins>That’s all we know.</ins>\n"
[debug] [2024-11-20T21:03:35.713Z] [iam] error while checking permissions, command may fail: FirebaseError: Unable to parse JSON: SyntaxError: Unexpected token < in JSON at position 0
[debug] [2024-11-20T21:03:35.713Z] Checked if tokens are valid: true, expires at: 1732140214325
[debug] [2024-11-20T21:03:35.714Z] Checked if tokens are valid: true, expires at: 1732140214325
[debug] [2024-11-20T21:03:35.714Z] >>> [apiv2][query] GET https://firebase.googleapis.com/v1beta1/projects/camerino-jersey [none]
[debug] [2024-11-20T21:03:37.145Z] <<< [apiv2][status] GET https://firebase.googleapis.com/v1beta1/projects/camerino-jersey 403
[debug] [2024-11-20T21:03:37.145Z] <<< [apiv2][body] GET https://firebase.googleapis.com/v1beta1/projects/camerino-jersey "<!DOCTYPE html>\n<html lang=en>\n  <meta charset=utf-8>\n  <meta name=viewport content=\"initial-scale=1, minimum-scale=1, width=device-width\">\n  <title>Error 403 (Forbidden)!!1</title>\n  <style>\n    *{margin:0;padding:0}html,code{font:15px/22px arial,sans-serif}html{background:#fff;color:#222;padding:15px}body{margin:7% auto 0;max-width:390px;min-height:180px;padding:30px 0 15px}* > body{background:url(//www.google.com/images/errors/robot.png) 100% 5px no-repeat;padding-right:205px}p{margin:11px 0 22px;overflow:hidden}ins{color:#777;text-decoration:none}a img{border:0}@media screen and (max-width:772px){body{background:none;margin-top:0;max-width:none;padding-right:0}}#logo{background:url(//www.google.com/images/branding/googlelogo/1x/googlelogo_color_150x54dp.png) no-repeat;margin-left:-5px}@media only screen and (min-resolution:192dpi){#logo{background:url(//www.google.com/images/branding/googlelogo/2x/googlelogo_color_150x54dp.png) no-repeat 0% 0%/100% 100%;-moz-border-image:url(//www.google.com/images/branding/googlelogo/2x/googlelogo_color_150x54dp.png) 0}}@media only screen and (-webkit-min-device-pixel-ratio:2){#logo{background:url(//www.google.com/images/branding/googlelogo/2x/googlelogo_color_150x54dp.png) no-repeat;-webkit-background-size:100% 100%}}#logo{display:inline-block;height:54px;width:150px}\n  </style>\n  <a href=//www.google.com/><span id=logo aria-label=Google></span></a>\n  <p><b>403.</b> <ins>That’s an error.</ins>\n  <p>Your client does not have permission to get URL <code>/v1beta1/projects/camerino-jersey</code> from this server.  <ins>That’s all we know.</ins>\n"
[debug] [2024-11-20T21:03:37.145Z] Unable to parse JSON: SyntaxError: Unexpected token < in JSON at position 0
[error] 
[error] Error: Assertion failed: resolving hosting target of a site with no site name or target name. This should have caused an error earlier
[debug] [2024-11-20T21:03:49.641Z] ----------------------------------------------------------------------
[debug] [2024-11-20T21:03:49.643Z] Command:       C:\Program Files\nodejs\node.exe C:\Users\invit\AppData\Roaming\npm\node_modules\firebase-tools\lib\bin\firebase.js deploy
[debug] [2024-11-20T21:03:49.644Z] CLI Version:   13.25.0
[debug] [2024-11-20T21:03:49.644Z] Platform:      win32
[debug] [2024-11-20T21:03:49.644Z] Node Version:  v18.15.0
[debug] [2024-11-20T21:03:49.645Z] Time:          Wed Nov 20 2024 16:03:49 GMT-0500 (hora estándar de Colombia)
[debug] [2024-11-20T21:03:49.645Z] ----------------------------------------------------------------------
[debug] 
[debug] [2024-11-20T21:03:49.649Z] >>> [apiv2][query] GET https://firebase-public.firebaseio.com/cli.json [none]
[debug] [2024-11-20T21:03:49.759Z] > command requires scopes: ["email","openid","https://www.googleapis.com/auth/cloudplatformprojects.readonly","https://www.googleapis.com/auth/firebase","https://www.googleapis.com/auth/cloud-platform"]
[debug] [2024-11-20T21:03:49.759Z] > authorizing via signed-in user (pasantejjsoluciones@gmail.com)
[debug] [2024-11-20T21:03:49.759Z] [iam] checking project camerino-jersey for permissions ["firebase.projects.get","firebasehosting.sites.update"]
[debug] [2024-11-20T21:03:49.760Z] Checked if tokens are valid: true, expires at: 1732140214325
[debug] [2024-11-20T21:03:49.760Z] Checked if tokens are valid: true, expires at: 1732140214325
[debug] [2024-11-20T21:03:49.760Z] >>> [apiv2][query] POST https://cloudresourcemanager.googleapis.com/v1/projects/camerino-jersey:testIamPermissions [none]
[debug] [2024-11-20T21:03:49.761Z] >>> [apiv2][(partial)header] POST https://cloudresourcemanager.googleapis.com/v1/projects/camerino-jersey:testIamPermissions x-goog-quota-user=projects/camerino-jersey
[debug] [2024-11-20T21:03:49.761Z] >>> [apiv2][body] POST https://cloudresourcemanager.googleapis.com/v1/projects/camerino-jersey:testIamPermissions {"permissions":["firebase.projects.get","firebasehosting.sites.update"]}
[debug] [2024-11-20T21:03:50.081Z] <<< [apiv2][status] POST https://cloudresourcemanager.googleapis.com/v1/projects/camerino-jersey:testIamPermissions 403
[debug] [2024-11-20T21:03:50.081Z] <<< [apiv2][body] POST https://cloudresourcemanager.googleapis.com/v1/projects/camerino-jersey:testIamPermissions "<!DOCTYPE html>\n<html lang=en>\n  <meta charset=utf-8>\n  <meta name=viewport content=\"initial-scale=1, minimum-scale=1, width=device-width\">\n  <title>Error 403 (Forbidden)!!1</title>\n  <style>\n    *{margin:0;padding:0}html,code{font:15px/22px arial,sans-serif}html{background:#fff;color:#222;padding:15px}body{margin:7% auto 0;max-width:390px;min-height:180px;padding:30px 0 15px}* > body{background:url(//www.google.com/images/errors/robot.png) 100% 5px no-repeat;padding-right:205px}p{margin:11px 0 22px;overflow:hidden}ins{color:#777;text-decoration:none}a img{border:0}@media screen and (max-width:772px){body{background:none;margin-top:0;max-width:none;padding-right:0}}#logo{background:url(//www.google.com/images/branding/googlelogo/1x/googlelogo_color_150x54dp.png) no-repeat;margin-left:-5px}@media only screen and (min-resolution:192dpi){#logo{background:url(//www.google.com/images/branding/googlelogo/2x/googlelogo_color_150x54dp.png) no-repeat 0% 0%/100% 100%;-moz-border-image:url(//www.google.com/images/branding/googlelogo/2x/googlelogo_color_150x54dp.png) 0}}@media only screen and (-webkit-min-device-pixel-ratio:2){#logo{background:url(//www.google.com/images/branding/googlelogo/2x/googlelogo_color_150x54dp.png) no-repeat;-webkit-background-size:100% 100%}}#logo{display:inline-block;height:54px;width:150px}\n  </style>\n  <a href=//www.google.com/><span id=logo aria-label=Google></span></a>\n  <p><b>403.</b> <ins>That’s an error.</ins>\n  <p>Your client does not have permission to get URL <code>/v1/projects/camerino-jersey:testIamPermissions</code> from this server.  <ins>That’s all we know.</ins>\n"
[debug] [2024-11-20T21:03:50.082Z] [iam] error while checking permissions, command may fail: FirebaseError: Unable to parse JSON: SyntaxError: Unexpected token < in JSON at position 0
[debug] [2024-11-20T21:03:50.082Z] Checked if tokens are valid: true, expires at: 1732140214325
[debug] [2024-11-20T21:03:50.082Z] Checked if tokens are valid: true, expires at: 1732140214325
[debug] [2024-11-20T21:03:50.083Z] >>> [apiv2][query] GET https://firebase.googleapis.com/v1beta1/projects/camerino-jersey [none]
[debug] [2024-11-20T21:03:50.467Z] <<< [apiv2][status] GET https://firebase.googleapis.com/v1beta1/projects/camerino-jersey 403
[debug] [2024-11-20T21:03:50.467Z] <<< [apiv2][body] GET https://firebase.googleapis.com/v1beta1/projects/camerino-jersey "<!DOCTYPE html>\n<html lang=en>\n  <meta charset=utf-8>\n  <meta name=viewport content=\"initial-scale=1, minimum-scale=1, width=device-width\">\n  <title>Error 403 (Forbidden)!!1</title>\n  <style>\n    *{margin:0;padding:0}html,code{font:15px/22px arial,sans-serif}html{background:#fff;color:#222;padding:15px}body{margin:7% auto 0;max-width:390px;min-height:180px;padding:30px 0 15px}* > body{background:url(//www.google.com/images/errors/robot.png) 100% 5px no-repeat;padding-right:205px}p{margin:11px 0 22px;overflow:hidden}ins{color:#777;text-decoration:none}a img{border:0}@media screen and (max-width:772px){body{background:none;margin-top:0;max-width:none;padding-right:0}}#logo{background:url(//www.google.com/images/branding/googlelogo/1x/googlelogo_color_150x54dp.png) no-repeat;margin-left:-5px}@media only screen and (min-resolution:192dpi){#logo{background:url(//www.google.com/images/branding/googlelogo/2x/googlelogo_color_150x54dp.png) no-repeat 0% 0%/100% 100%;-moz-border-image:url(//www.google.com/images/branding/googlelogo/2x/googlelogo_color_150x54dp.png) 0}}@media only screen and (-webkit-min-device-pixel-ratio:2){#logo{background:url(//www.google.com/images/branding/googlelogo/2x/googlelogo_color_150x54dp.png) no-repeat;-webkit-background-size:100% 100%}}#logo{display:inline-block;height:54px;width:150px}\n  </style>\n  <a href=//www.google.com/><span id=logo aria-label=Google></span></a>\n  <p><b>403.</b> <ins>That’s an error.</ins>\n  <p>Your client does not have permission to get URL <code>/v1beta1/projects/camerino-jersey</code> from this server.  <ins>That’s all we know.</ins>\n"
[debug] [2024-11-20T21:03:50.468Z] Unable to parse JSON: SyntaxError: Unexpected token < in JSON at position 0
[error] 
[error] Error: Assertion failed: resolving hosting target of a site with no site name or target name. This should have caused an error earlier
[debug] [2024-11-20T21:04:18.346Z] ----------------------------------------------------------------------
[debug] [2024-11-20T21:04:18.348Z] Command:       C:\Program Files\nodejs\node.exe C:\Users\invit\AppData\Roaming\npm\node_modules\firebase-tools\lib\bin\firebase.js deploy
[debug] [2024-11-20T21:04:18.348Z] CLI Version:   13.25.0
[debug] [2024-11-20T21:04:18.349Z] Platform:      win32
[debug] [2024-11-20T21:04:18.349Z] Node Version:  v18.15.0
[debug] [2024-11-20T21:04:18.350Z] Time:          Wed Nov 20 2024 16:04:18 GMT-0500 (hora estándar de Colombia)
[debug] [2024-11-20T21:04:18.350Z] ----------------------------------------------------------------------
[debug] 
[debug] [2024-11-20T21:04:18.353Z] >>> [apiv2][query] GET https://firebase-public.firebaseio.com/cli.json [none]
[debug] [2024-11-20T21:04:18.452Z] > command requires scopes: ["email","openid","https://www.googleapis.com/auth/cloudplatformprojects.readonly","https://www.googleapis.com/auth/firebase","https://www.googleapis.com/auth/cloud-platform"]
[debug] [2024-11-20T21:04:18.452Z] > authorizing via signed-in user (pasantejjsoluciones@gmail.com)
[debug] [2024-11-20T21:04:18.453Z] [iam] checking project camerino-jersey for permissions ["firebase.projects.get","firebasehosting.sites.update"]
[debug] [2024-11-20T21:04:18.453Z] Checked if tokens are valid: true, expires at: 1732140214325
[debug] [2024-11-20T21:04:18.454Z] Checked if tokens are valid: true, expires at: 1732140214325
[debug] [2024-11-20T21:04:18.454Z] >>> [apiv2][query] POST https://cloudresourcemanager.googleapis.com/v1/projects/camerino-jersey:testIamPermissions [none]
[debug] [2024-11-20T21:04:18.454Z] >>> [apiv2][(partial)header] POST https://cloudresourcemanager.googleapis.com/v1/projects/camerino-jersey:testIamPermissions x-goog-quota-user=projects/camerino-jersey
[debug] [2024-11-20T21:04:18.454Z] >>> [apiv2][body] POST https://cloudresourcemanager.googleapis.com/v1/projects/camerino-jersey:testIamPermissions {"permissions":["firebase.projects.get","firebasehosting.sites.update"]}
[debug] [2024-11-20T21:04:18.782Z] <<< [apiv2][status] POST https://cloudresourcemanager.googleapis.com/v1/projects/camerino-jersey:testIamPermissions 403
[debug] [2024-11-20T21:04:18.782Z] <<< [apiv2][body] POST https://cloudresourcemanager.googleapis.com/v1/projects/camerino-jersey:testIamPermissions "<!DOCTYPE html>\n<html lang=en>\n  <meta charset=utf-8>\n  <meta name=viewport content=\"initial-scale=1, minimum-scale=1, width=device-width\">\n  <title>Error 403 (Forbidden)!!1</title>\n  <style>\n    *{margin:0;padding:0}html,code{font:15px/22px arial,sans-serif}html{background:#fff;color:#222;padding:15px}body{margin:7% auto 0;max-width:390px;min-height:180px;padding:30px 0 15px}* > body{background:url(//www.google.com/images/errors/robot.png) 100% 5px no-repeat;padding-right:205px}p{margin:11px 0 22px;overflow:hidden}ins{color:#777;text-decoration:none}a img{border:0}@media screen and (max-width:772px){body{background:none;margin-top:0;max-width:none;padding-right:0}}#logo{background:url(//www.google.com/images/branding/googlelogo/1x/googlelogo_color_150x54dp.png) no-repeat;margin-left:-5px}@media only screen and (min-resolution:192dpi){#logo{background:url(//www.google.com/images/branding/googlelogo/2x/googlelogo_color_150x54dp.png) no-repeat 0% 0%/100% 100%;-moz-border-image:url(//www.google.com/images/branding/googlelogo/2x/googlelogo_color_150x54dp.png) 0}}@media only screen and (-webkit-min-device-pixel-ratio:2){#logo{background:url(//www.google.com/images/branding/googlelogo/2x/googlelogo_color_150x54dp.png) no-repeat;-webkit-background-size:100% 100%}}#logo{display:inline-block;height:54px;width:150px}\n  </style>\n  <a href=//www.google.com/><span id=logo aria-label=Google></span></a>\n  <p><b>403.</b> <ins>That’s an error.</ins>\n  <p>Your client does not have permission to get URL <code>/v1/projects/camerino-jersey:testIamPermissions</code> from this server.  <ins>That’s all we know.</ins>\n"
[debug] [2024-11-20T21:04:18.783Z] [iam] error while checking permissions, command may fail: FirebaseError: Unable to parse JSON: SyntaxError: Unexpected token < in JSON at position 0
[debug] [2024-11-20T21:04:18.783Z] Checked if tokens are valid: true, expires at: 1732140214325
[debug] [2024-11-20T21:04:18.783Z] Checked if tokens are valid: true, expires at: 1732140214325
[debug] [2024-11-20T21:04:18.783Z] >>> [apiv2][query] GET https://firebase.googleapis.com/v1beta1/projects/camerino-jersey [none]
[debug] [2024-11-20T21:04:19.098Z] <<< [apiv2][status] GET https://firebase.googleapis.com/v1beta1/projects/camerino-jersey 403
[debug] [2024-11-20T21:04:19.098Z] <<< [apiv2][body] GET https://firebase.googleapis.com/v1beta1/projects/camerino-jersey "<!DOCTYPE html>\n<html lang=en>\n  <meta charset=utf-8>\n  <meta name=viewport content=\"initial-scale=1, minimum-scale=1, width=device-width\">\n  <title>Error 403 (Forbidden)!!1</title>\n  <style>\n    *{margin:0;padding:0}html,code{font:15px/22px arial,sans-serif}html{background:#fff;color:#222;padding:15px}body{margin:7% auto 0;max-width:390px;min-height:180px;padding:30px 0 15px}* > body{background:url(//www.google.com/images/errors/robot.png) 100% 5px no-repeat;padding-right:205px}p{margin:11px 0 22px;overflow:hidden}ins{color:#777;text-decoration:none}a img{border:0}@media screen and (max-width:772px){body{background:none;margin-top:0;max-width:none;padding-right:0}}#logo{background:url(//www.google.com/images/branding/googlelogo/1x/googlelogo_color_150x54dp.png) no-repeat;margin-left:-5px}@media only screen and (min-resolution:192dpi){#logo{background:url(//www.google.com/images/branding/googlelogo/2x/googlelogo_color_150x54dp.png) no-repeat 0% 0%/100% 100%;-moz-border-image:url(//www.google.com/images/branding/googlelogo/2x/googlelogo_color_150x54dp.png) 0}}@media only screen and (-webkit-min-device-pixel-ratio:2){#logo{background:url(//www.google.com/images/branding/googlelogo/2x/googlelogo_color_150x54dp.png) no-repeat;-webkit-background-size:100% 100%}}#logo{display:inline-block;height:54px;width:150px}\n  </style>\n  <a href=//www.google.com/><span id=logo aria-label=Google></span></a>\n  <p><b>403.</b> <ins>That’s an error.</ins>\n  <p>Your client does not have permission to get URL <code>/v1beta1/projects/camerino-jersey</code> from this server.  <ins>That’s all we know.</ins>\n"
[debug] [2024-11-20T21:04:19.098Z] Unable to parse JSON: SyntaxError: Unexpected token < in JSON at position 0
[error] 
[error] Error: Assertion failed: resolving hosting target of a site with no site name or target name. This should have caused an error earlier
[debug] [2024-11-20T21:09:57.630Z] ----------------------------------------------------------------------
[debug] [2024-11-20T21:09:57.632Z] Command:       C:\Program Files\nodejs\node.exe C:\Users\invit\AppData\Roaming\npm\node_modules\firebase-tools\lib\bin\firebase.js deploy
[debug] [2024-11-20T21:09:57.632Z] CLI Version:   13.26.0
[debug] [2024-11-20T21:09:57.633Z] Platform:      win32
[debug] [2024-11-20T21:09:57.633Z] Node Version:  v18.15.0
[debug] [2024-11-20T21:09:57.640Z] Time:          Wed Nov 20 2024 16:09:57 GMT-0500 (hora estándar de Colombia)
[debug] [2024-11-20T21:09:57.640Z] ----------------------------------------------------------------------
[debug] 
[debug] [2024-11-20T21:09:57.644Z] >>> [apiv2][query] GET https://firebase-public.firebaseio.com/cli.json [none]
[debug] [2024-11-20T21:09:57.770Z] > command requires scopes: ["email","openid","https://www.googleapis.com/auth/cloudplatformprojects.readonly","https://www.googleapis.com/auth/firebase","https://www.googleapis.com/auth/cloud-platform"]
[debug] [2024-11-20T21:09:57.770Z] > authorizing via signed-in user (pasantejjsoluciones@gmail.com)
[debug] [2024-11-20T21:09:57.770Z] [iam] checking project camerino-jersey for permissions ["firebase.projects.get","firebasehosting.sites.update"]
[debug] [2024-11-20T21:09:57.771Z] Checked if tokens are valid: true, expires at: 1732140214325
[debug] [2024-11-20T21:09:57.771Z] Checked if tokens are valid: true, expires at: 1732140214325
[debug] [2024-11-20T21:09:57.771Z] >>> [apiv2][query] POST https://cloudresourcemanager.googleapis.com/v1/projects/camerino-jersey:testIamPermissions [none]
[debug] [2024-11-20T21:09:57.771Z] >>> [apiv2][(partial)header] POST https://cloudresourcemanager.googleapis.com/v1/projects/camerino-jersey:testIamPermissions x-goog-quota-user=projects/camerino-jersey
[debug] [2024-11-20T21:09:57.772Z] >>> [apiv2][body] POST https://cloudresourcemanager.googleapis.com/v1/projects/camerino-jersey:testIamPermissions {"permissions":["firebase.projects.get","firebasehosting.sites.update"]}
[debug] [2024-11-20T21:09:58.172Z] <<< [apiv2][status] POST https://cloudresourcemanager.googleapis.com/v1/projects/camerino-jersey:testIamPermissions 403
[debug] [2024-11-20T21:09:58.172Z] <<< [apiv2][body] POST https://cloudresourcemanager.googleapis.com/v1/projects/camerino-jersey:testIamPermissions "<!DOCTYPE html>\n<html lang=en>\n  <meta charset=utf-8>\n  <meta name=viewport content=\"initial-scale=1, minimum-scale=1, width=device-width\">\n  <title>Error 403 (Forbidden)!!1</title>\n  <style>\n    *{margin:0;padding:0}html,code{font:15px/22px arial,sans-serif}html{background:#fff;color:#222;padding:15px}body{margin:7% auto 0;max-width:390px;min-height:180px;padding:30px 0 15px}* > body{background:url(//www.google.com/images/errors/robot.png) 100% 5px no-repeat;padding-right:205px}p{margin:11px 0 22px;overflow:hidden}ins{color:#777;text-decoration:none}a img{border:0}@media screen and (max-width:772px){body{background:none;margin-top:0;max-width:none;padding-right:0}}#logo{background:url(//www.google.com/images/branding/googlelogo/1x/googlelogo_color_150x54dp.png) no-repeat;margin-left:-5px}@media only screen and (min-resolution:192dpi){#logo{background:url(//www.google.com/images/branding/googlelogo/2x/googlelogo_color_150x54dp.png) no-repeat 0% 0%/100% 100%;-moz-border-image:url(//www.google.com/images/branding/googlelogo/2x/googlelogo_color_150x54dp.png) 0}}@media only screen and (-webkit-min-device-pixel-ratio:2){#logo{background:url(//www.google.com/images/branding/googlelogo/2x/googlelogo_color_150x54dp.png) no-repeat;-webkit-background-size:100% 100%}}#logo{display:inline-block;height:54px;width:150px}\n  </style>\n  <a href=//www.google.com/><span id=logo aria-label=Google></span></a>\n  <p><b>403.</b> <ins>That’s an error.</ins>\n  <p>Your client does not have permission to get URL <code>/v1/projects/camerino-jersey:testIamPermissions</code> from this server.  <ins>That’s all we know.</ins>\n"
[debug] [2024-11-20T21:09:58.173Z] [iam] error while checking permissions, command may fail: Unable to parse JSON: SyntaxError: Unexpected token < in JSON at position 0
[debug] [2024-11-20T21:09:58.173Z] Checked if tokens are valid: true, expires at: 1732140214325
[debug] [2024-11-20T21:09:58.173Z] Checked if tokens are valid: true, expires at: 1732140214325
[debug] [2024-11-20T21:09:58.174Z] >>> [apiv2][query] GET https://firebase.googleapis.com/v1beta1/projects/camerino-jersey [none]
[debug] [2024-11-20T21:09:58.559Z] <<< [apiv2][status] GET https://firebase.googleapis.com/v1beta1/projects/camerino-jersey 403
[debug] [2024-11-20T21:09:58.560Z] <<< [apiv2][body] GET https://firebase.googleapis.com/v1beta1/projects/camerino-jersey "<!DOCTYPE html>\n<html lang=en>\n  <meta charset=utf-8>\n  <meta name=viewport content=\"initial-scale=1, minimum-scale=1, width=device-width\">\n  <title>Error 403 (Forbidden)!!1</title>\n  <style>\n    *{margin:0;padding:0}html,code{font:15px/22px arial,sans-serif}html{background:#fff;color:#222;padding:15px}body{margin:7% auto 0;max-width:390px;min-height:180px;padding:30px 0 15px}* > body{background:url(//www.google.com/images/errors/robot.png) 100% 5px no-repeat;padding-right:205px}p{margin:11px 0 22px;overflow:hidden}ins{color:#777;text-decoration:none}a img{border:0}@media screen and (max-width:772px){body{background:none;margin-top:0;max-width:none;padding-right:0}}#logo{background:url(//www.google.com/images/branding/googlelogo/1x/googlelogo_color_150x54dp.png) no-repeat;margin-left:-5px}@media only screen and (min-resolution:192dpi){#logo{background:url(//www.google.com/images/branding/googlelogo/2x/googlelogo_color_150x54dp.png) no-repeat 0% 0%/100% 100%;-moz-border-image:url(//www.google.com/images/branding/googlelogo/2x/googlelogo_color_150x54dp.png) 0}}@media only screen and (-webkit-min-device-pixel-ratio:2){#logo{background:url(//www.google.com/images/branding/googlelogo/2x/googlelogo_color_150x54dp.png) no-repeat;-webkit-background-size:100% 100%}}#logo{display:inline-block;height:54px;width:150px}\n  </style>\n  <a href=//www.google.com/><span id=logo aria-label=Google></span></a>\n  <p><b>403.</b> <ins>That’s an error.</ins>\n  <p>Your client does not have permission to get URL <code>/v1beta1/projects/camerino-jersey</code> from this server.  <ins>That’s all we know.</ins>\n"
[debug] [2024-11-20T21:09:58.561Z] Unable to parse JSON: SyntaxError: Unexpected token < in JSON at position 0
[error] 
[error] Error: Assertion failed: resolving hosting target of a site with no site name or target name. This should have caused an error earlier
[debug] [2024-11-20T21:20:22.998Z] ----------------------------------------------------------------------
[debug] [2024-11-20T21:20:23.000Z] Command:       C:\Program Files\nodejs\node.exe C:\Users\invit\AppData\Roaming\npm\node_modules\firebase-tools\lib\bin\firebase.js deploy
[debug] [2024-11-20T21:20:23.001Z] CLI Version:   13.26.0
[debug] [2024-11-20T21:20:23.001Z] Platform:      win32
[debug] [2024-11-20T21:20:23.001Z] Node Version:  v18.15.0
[debug] [2024-11-20T21:20:23.002Z] Time:          Wed Nov 20 2024 16:20:23 GMT-0500 (hora estándar de Colombia)
[debug] [2024-11-20T21:20:23.002Z] ----------------------------------------------------------------------
[debug] 
[debug] [2024-11-20T21:20:23.005Z] >>> [apiv2][query] GET https://firebase-public.firebaseio.com/cli.json [none]
[debug] [2024-11-20T21:20:23.100Z] > command requires scopes: ["email","openid","https://www.googleapis.com/auth/cloudplatformprojects.readonly","https://www.googleapis.com/auth/firebase","https://www.googleapis.com/auth/cloud-platform"]
[debug] [2024-11-20T21:20:23.101Z] > authorizing via signed-in user (pasantejjsoluciones@gmail.com)
[debug] [2024-11-20T21:20:23.101Z] [iam] checking project camerino-jersey for permissions ["firebase.projects.get","firebasehosting.sites.update"]
[debug] [2024-11-20T21:20:23.102Z] Checked if tokens are valid: true, expires at: 1732140214325
[debug] [2024-11-20T21:20:23.102Z] Checked if tokens are valid: true, expires at: 1732140214325
[debug] [2024-11-20T21:20:23.102Z] >>> [apiv2][query] POST https://cloudresourcemanager.googleapis.com/v1/projects/camerino-jersey:testIamPermissions [none]
[debug] [2024-11-20T21:20:23.102Z] >>> [apiv2][(partial)header] POST https://cloudresourcemanager.googleapis.com/v1/projects/camerino-jersey:testIamPermissions x-goog-quota-user=projects/camerino-jersey
[debug] [2024-11-20T21:20:23.102Z] >>> [apiv2][body] POST https://cloudresourcemanager.googleapis.com/v1/projects/camerino-jersey:testIamPermissions {"permissions":["firebase.projects.get","firebasehosting.sites.update"]}
[debug] [2024-11-20T21:20:23.496Z] <<< [apiv2][status] POST https://cloudresourcemanager.googleapis.com/v1/projects/camerino-jersey:testIamPermissions 403
[debug] [2024-11-20T21:20:23.496Z] <<< [apiv2][body] POST https://cloudresourcemanager.googleapis.com/v1/projects/camerino-jersey:testIamPermissions "<!DOCTYPE html>\n<html lang=en>\n  <meta charset=utf-8>\n  <meta name=viewport content=\"initial-scale=1, minimum-scale=1, width=device-width\">\n  <title>Error 403 (Forbidden)!!1</title>\n  <style>\n    *{margin:0;padding:0}html,code{font:15px/22px arial,sans-serif}html{background:#fff;color:#222;padding:15px}body{margin:7% auto 0;max-width:390px;min-height:180px;padding:30px 0 15px}* > body{background:url(//www.google.com/images/errors/robot.png) 100% 5px no-repeat;padding-right:205px}p{margin:11px 0 22px;overflow:hidden}ins{color:#777;text-decoration:none}a img{border:0}@media screen and (max-width:772px){body{background:none;margin-top:0;max-width:none;padding-right:0}}#logo{background:url(//www.google.com/images/branding/googlelogo/1x/googlelogo_color_150x54dp.png) no-repeat;margin-left:-5px}@media only screen and (min-resolution:192dpi){#logo{background:url(//www.google.com/images/branding/googlelogo/2x/googlelogo_color_150x54dp.png) no-repeat 0% 0%/100% 100%;-moz-border-image:url(//www.google.com/images/branding/googlelogo/2x/googlelogo_color_150x54dp.png) 0}}@media only screen and (-webkit-min-device-pixel-ratio:2){#logo{background:url(//www.google.com/images/branding/googlelogo/2x/googlelogo_color_150x54dp.png) no-repeat;-webkit-background-size:100% 100%}}#logo{display:inline-block;height:54px;width:150px}\n  </style>\n  <a href=//www.google.com/><span id=logo aria-label=Google></span></a>\n  <p><b>403.</b> <ins>That’s an error.</ins>\n  <p>Your client does not have permission to get URL <code>/v1/projects/camerino-jersey:testIamPermissions</code> from this server.  <ins>That’s all we know.</ins>\n"
[debug] [2024-11-20T21:20:23.496Z] [iam] error while checking permissions, command may fail: Unable to parse JSON: SyntaxError: Unexpected token < in JSON at position 0
[debug] [2024-11-20T21:20:23.496Z] Checked if tokens are valid: true, expires at: 1732140214325
[debug] [2024-11-20T21:20:23.496Z] Checked if tokens are valid: true, expires at: 1732140214325
[debug] [2024-11-20T21:20:23.497Z] >>> [apiv2][query] GET https://firebase.googleapis.com/v1beta1/projects/camerino-jersey [none]
[debug] [2024-11-20T21:20:23.882Z] <<< [apiv2][status] GET https://firebase.googleapis.com/v1beta1/projects/camerino-jersey 403
[debug] [2024-11-20T21:20:23.882Z] <<< [apiv2][body] GET https://firebase.googleapis.com/v1beta1/projects/camerino-jersey "<!DOCTYPE html>\n<html lang=en>\n  <meta charset=utf-8>\n  <meta name=viewport content=\"initial-scale=1, minimum-scale=1, width=device-width\">\n  <title>Error 403 (Forbidden)!!1</title>\n  <style>\n    *{margin:0;padding:0}html,code{font:15px/22px arial,sans-serif}html{background:#fff;color:#222;padding:15px}body{margin:7% auto 0;max-width:390px;min-height:180px;padding:30px 0 15px}* > body{background:url(//www.google.com/images/errors/robot.png) 100% 5px no-repeat;padding-right:205px}p{margin:11px 0 22px;overflow:hidden}ins{color:#777;text-decoration:none}a img{border:0}@media screen and (max-width:772px){body{background:none;margin-top:0;max-width:none;padding-right:0}}#logo{background:url(//www.google.com/images/branding/googlelogo/1x/googlelogo_color_150x54dp.png) no-repeat;margin-left:-5px}@media only screen and (min-resolution:192dpi){#logo{background:url(//www.google.com/images/branding/googlelogo/2x/googlelogo_color_150x54dp.png) no-repeat 0% 0%/100% 100%;-moz-border-image:url(//www.google.com/images/branding/googlelogo/2x/googlelogo_color_150x54dp.png) 0}}@media only screen and (-webkit-min-device-pixel-ratio:2){#logo{background:url(//www.google.com/images/branding/googlelogo/2x/googlelogo_color_150x54dp.png) no-repeat;-webkit-background-size:100% 100%}}#logo{display:inline-block;height:54px;width:150px}\n  </style>\n  <a href=//www.google.com/><span id=logo aria-label=Google></span></a>\n  <p><b>403.</b> <ins>That’s an error.</ins>\n  <p>Your client does not have permission to get URL <code>/v1beta1/projects/camerino-jersey</code> from this server.  <ins>That’s all we know.</ins>\n"
[debug] [2024-11-20T21:20:23.883Z] Unable to parse JSON: SyntaxError: Unexpected token < in JSON at position 0
[error] 
[error] Error: Assertion failed: resolving hosting target of a site with no site name or target name. This should have caused an error earlier
